INFO  started: Metals version 0.8.0 in workspace 'D:\GDrive\School\Aarhus_uni\2.Semester\Modeling and verification\TLA Worskpace\Assignment1'
INFO  time: initialize in 1.07s
WARN  no build tool detected in workspace 'D:\GDrive\School\Aarhus_uni\2.Semester\Modeling and verification\TLA Worskpace\Assignment1'. The most common cause for this problem is that the editor was opened in the wrong working directory, for example if you use sbt then the workspace directory should contain build.sbt. 
INFO  shutting down Metals
INFO  started: Metals version 0.8.0 in workspace 'D:\GDrive\School\Aarhus_uni\2.Semester\Modeling and verification\TLA Worskpace\Assignment1'
INFO  time: initialize in 1s
WARN  no build tool detected in workspace 'D:\GDrive\School\Aarhus_uni\2.Semester\Modeling and verification\TLA Worskpace\Assignment1'. The most common cause for this problem is that the editor was opened in the wrong working directory, for example if you use sbt then the workspace directory should contain build.sbt. 
INFO  no build target: using presentation compiler with only scala-library
WARN  no build target for: D:\GDrive\School\Aarhus_uni\2.Semester\Paradigms\Workspace\week4.scala
WARN  no build target for: D:\GDrive\School\Aarhus_uni\2.Semester\Paradigms\Workspace\week4.scala
Feb 20, 2020 12:30:23 PM org.eclipse.lsp4j.jsonrpc.services.GenericEndpoint notify
INFO: Unsupported notification method: $/setTraceNotification
WARN  no build target for: D:\GDrive\School\Aarhus_uni\2.Semester\Paradigms\Workspace\week4.scala
WARN  no build target for: D:\GDrive\School\Aarhus_uni\2.Semester\Paradigms\Workspace\week4.scala
WARN  no build target for: D:\GDrive\School\Aarhus_uni\2.Semester\Paradigms\Workspace\week4.scala
WARN  no build target for: D:\GDrive\School\Aarhus_uni\2.Semester\Paradigms\Workspace\week4.scala
Feb 20, 2020 12:39:44 PM scala.meta.internal.pc.CompilerAccess retryWithCleanCompiler
INFO: compiler crashed due to an error in the Scala compiler, retrying with new compiler instance.
Feb 20, 2020 12:39:44 PM scala.meta.internal.pc.CompilerAccess handleError
SEVERE: null
java.lang.NullPointerException
	at scala.reflect.internal.Definitions$DefinitionsClass.isByNameParamType(Definitions.scala:417)
	at scala.reflect.internal.TreeInfo.isStableIdent(TreeInfo.scala:137)
	at scala.reflect.internal.TreeInfo.isStableIdentifier(TreeInfo.scala:113)
	at scala.reflect.internal.TreeInfo.isPath(TreeInfo.scala:102)
	at scala.reflect.internal.TreeInfo.admitsTypeSelection(TreeInfo.scala:155)
	at scala.tools.nsc.interactive.Global.stabilizedType(Global.scala:959)
	at scala.tools.nsc.interactive.Global.typedTreeAt(Global.scala:807)
	at scala.meta.internal.pc.SignatureHelpProvider.signatureHelp(SignatureHelpProvider.scala:22)

WARN  no build target for: D:\GDrive\School\Aarhus_uni\2.Semester\Paradigms\Workspace\week4.scala
WARN  no build target for: D:\GDrive\School\Aarhus_uni\2.Semester\Paradigms\Workspace\week4.scala
Feb 20, 2020 12:42:29 PM scala.meta.internal.pc.CompilerAccess retryWithCleanCompiler
INFO: compiler crashed due to an error in the Scala compiler, retrying with new compiler instance.
Feb 20, 2020 12:42:29 PM scala.meta.internal.pc.CompilerAccess handleError
SEVERE: null
java.lang.NullPointerException
	at scala.reflect.internal.Definitions$DefinitionsClass.isByNameParamType(Definitions.scala:417)
	at scala.reflect.internal.TreeInfo.isStableIdent(TreeInfo.scala:137)
	at scala.reflect.internal.TreeInfo.isStableIdentifier(TreeInfo.scala:113)
	at scala.reflect.internal.TreeInfo.isPath(TreeInfo.scala:102)
	at scala.reflect.internal.TreeInfo.admitsTypeSelection(TreeInfo.scala:155)
	at scala.tools.nsc.interactive.Global.stabilizedType(Global.scala:959)
	at scala.tools.nsc.interactive.Global.typedTreeAt(Global.scala:807)
	at scala.meta.internal.pc.SignatureHelpProvider.signatureHelp(SignatureHelpProvider.scala:22)

something's wrong: no file:///d%3A/GDrive/School/Aarhus_uni/2.Semester/Paradigms/Workspace/week4.scala in () => <error>RangePosition(file:///d%3A/GDrive/School/Aarhus_uni/2.Semester/Paradigms/Workspace/week4.scala, 733, 735, 736)
WARN  no build target for: D:\GDrive\School\Aarhus_uni\2.Semester\Paradigms\Workspace\week4.scala
WARN  no build target for: D:\GDrive\School\Aarhus_uni\2.Semester\Paradigms\Workspace\week4.scala
WARN  no build target for: D:\GDrive\School\Aarhus_uni\2.Semester\Paradigms\Workspace\week4.scala
WARN  no build target for: D:\GDrive\School\Aarhus_uni\2.Semester\Paradigms\Workspace\week4.scala
WARN  no build target for: D:\GDrive\School\Aarhus_uni\2.Semester\Paradigms\Workspace\week4.scala
WARN  no build target for: D:\GDrive\School\Aarhus_uni\2.Semester\Paradigms\Workspace\week4.scala
WARN  no build target for: D:\GDrive\School\Aarhus_uni\2.Semester\Paradigms\Workspace\week4.scala
WARN  no build target for: D:\GDrive\School\Aarhus_uni\2.Semester\Paradigms\Workspace\week4.scala
Feb 20, 2020 2:32:39 PM org.eclipse.lsp4j.jsonrpc.services.GenericEndpoint notify
INFO: Unsupported notification method: $/setTraceNotification
Feb 20, 2020 2:32:46 PM org.eclipse.lsp4j.jsonrpc.services.GenericEndpoint notify
INFO: Unsupported notification method: $/setTraceNotification
Feb 20, 2020 2:32:47 PM org.eclipse.lsp4j.jsonrpc.services.GenericEndpoint notify
INFO: Unsupported notification method: $/setTraceNotification
Feb 20, 2020 2:32:48 PM org.eclipse.lsp4j.jsonrpc.services.GenericEndpoint notify
INFO: Unsupported notification method: $/setTraceNotification
Feb 20, 2020 2:32:49 PM org.eclipse.lsp4j.jsonrpc.services.GenericEndpoint notify
INFO: Unsupported notification method: $/setTraceNotification
Feb 20, 2020 2:32:49 PM org.eclipse.lsp4j.jsonrpc.services.GenericEndpoint notify
INFO: Unsupported notification method: $/setTraceNotification
Feb 20, 2020 2:32:49 PM org.eclipse.lsp4j.jsonrpc.services.GenericEndpoint notify
INFO: Unsupported notification method: $/setTraceNotification
Feb 20, 2020 2:32:49 PM org.eclipse.lsp4j.jsonrpc.services.GenericEndpoint notify
INFO: Unsupported notification method: $/setTraceNotification
Feb 20, 2020 2:32:50 PM org.eclipse.lsp4j.jsonrpc.services.GenericEndpoint notify
INFO: Unsupported notification method: $/setTraceNotification
Feb 20, 2020 2:32:50 PM org.eclipse.lsp4j.jsonrpc.services.GenericEndpoint notify
INFO: Unsupported notification method: $/setTraceNotification
Feb 20, 2020 2:32:50 PM org.eclipse.lsp4j.jsonrpc.services.GenericEndpoint notify
INFO: Unsupported notification method: $/setTraceNotification
Feb 20, 2020 2:32:50 PM org.eclipse.lsp4j.jsonrpc.services.GenericEndpoint notify
INFO: Unsupported notification method: $/setTraceNotification
Feb 20, 2020 2:32:51 PM org.eclipse.lsp4j.jsonrpc.services.GenericEndpoint notify
INFO: Unsupported notification method: $/setTraceNotification
Feb 20, 2020 2:32:51 PM org.eclipse.lsp4j.jsonrpc.services.GenericEndpoint notify
INFO: Unsupported notification method: $/setTraceNotification
Feb 20, 2020 2:32:51 PM org.eclipse.lsp4j.jsonrpc.services.GenericEndpoint notify
INFO: Unsupported notification method: $/setTraceNotification
Feb 20, 2020 2:32:51 PM org.eclipse.lsp4j.jsonrpc.services.GenericEndpoint notify
INFO: Unsupported notification method: $/setTraceNotification
Feb 20, 2020 2:32:56 PM org.eclipse.lsp4j.jsonrpc.services.GenericEndpoint notify
INFO: Unsupported notification method: $/setTraceNotification
Feb 20, 2020 2:32:57 PM org.eclipse.lsp4j.jsonrpc.services.GenericEndpoint notify
INFO: Unsupported notification method: $/setTraceNotification
Feb 20, 2020 2:32:57 PM org.eclipse.lsp4j.jsonrpc.services.GenericEndpoint notify
INFO: Unsupported notification method: $/setTraceNotification
Feb 20, 2020 2:32:57 PM org.eclipse.lsp4j.jsonrpc.services.GenericEndpoint notify
INFO: Unsupported notification method: $/setTraceNotification
Feb 20, 2020 2:32:57 PM org.eclipse.lsp4j.jsonrpc.services.GenericEndpoint notify
INFO: Unsupported notification method: $/setTraceNotification
Feb 20, 2020 2:32:57 PM org.eclipse.lsp4j.jsonrpc.services.GenericEndpoint notify
INFO: Unsupported notification method: $/setTraceNotification
Feb 20, 2020 2:33:00 PM org.eclipse.lsp4j.jsonrpc.services.GenericEndpoint notify
INFO: Unsupported notification method: $/setTraceNotification
Feb 20, 2020 2:33:00 PM org.eclipse.lsp4j.jsonrpc.services.GenericEndpoint notify
INFO: Unsupported notification method: $/setTraceNotification
Feb 20, 2020 2:33:00 PM org.eclipse.lsp4j.jsonrpc.services.GenericEndpoint notify
INFO: Unsupported notification method: $/setTraceNotification
Feb 20, 2020 2:33:01 PM org.eclipse.lsp4j.jsonrpc.services.GenericEndpoint notify
INFO: Unsupported notification method: $/setTraceNotification
Feb 20, 2020 2:33:01 PM org.eclipse.lsp4j.jsonrpc.services.GenericEndpoint notify
INFO: Unsupported notification method: $/setTraceNotification
Feb 20, 2020 2:33:01 PM org.eclipse.lsp4j.jsonrpc.services.GenericEndpoint notify
INFO: Unsupported notification method: $/setTraceNotification
Feb 20, 2020 2:33:01 PM org.eclipse.lsp4j.jsonrpc.services.GenericEndpoint notify
INFO: Unsupported notification method: $/setTraceNotification
Feb 20, 2020 2:33:01 PM org.eclipse.lsp4j.jsonrpc.services.GenericEndpoint notify
INFO: Unsupported notification method: $/setTraceNotification
Feb 20, 2020 2:33:01 PM org.eclipse.lsp4j.jsonrpc.services.GenericEndpoint notify
INFO: Unsupported notification method: $/setTraceNotification
Feb 20, 2020 2:33:02 PM org.eclipse.lsp4j.jsonrpc.services.GenericEndpoint notify
INFO: Unsupported notification method: $/setTraceNotification
Feb 20, 2020 2:33:02 PM org.eclipse.lsp4j.jsonrpc.services.GenericEndpoint notify
INFO: Unsupported notification method: $/setTraceNotification
Feb 20, 2020 2:33:04 PM org.eclipse.lsp4j.jsonrpc.services.GenericEndpoint notify
INFO: Unsupported notification method: $/setTraceNotification
Feb 20, 2020 2:33:04 PM org.eclipse.lsp4j.jsonrpc.services.GenericEndpoint notify
INFO: Unsupported notification method: $/setTraceNotification
Feb 20, 2020 2:33:04 PM org.eclipse.lsp4j.jsonrpc.services.GenericEndpoint notify
INFO: Unsupported notification method: $/setTraceNotification
Feb 20, 2020 2:33:05 PM org.eclipse.lsp4j.jsonrpc.services.GenericEndpoint notify
INFO: Unsupported notification method: $/setTraceNotification
Feb 20, 2020 2:33:05 PM org.eclipse.lsp4j.jsonrpc.services.GenericEndpoint notify
INFO: Unsupported notification method: $/setTraceNotification
Feb 20, 2020 2:33:05 PM org.eclipse.lsp4j.jsonrpc.services.GenericEndpoint notify
INFO: Unsupported notification method: $/setTraceNotification
Feb 20, 2020 2:33:05 PM org.eclipse.lsp4j.jsonrpc.services.GenericEndpoint notify
INFO: Unsupported notification method: $/setTraceNotification
Feb 20, 2020 2:33:05 PM org.eclipse.lsp4j.jsonrpc.services.GenericEndpoint notify
INFO: Unsupported notification method: $/setTraceNotification
Feb 20, 2020 2:33:06 PM org.eclipse.lsp4j.jsonrpc.services.GenericEndpoint notify
INFO: Unsupported notification method: $/setTraceNotification
Feb 20, 2020 2:33:06 PM org.eclipse.lsp4j.jsonrpc.services.GenericEndpoint notify
INFO: Unsupported notification method: $/setTraceNotification
Feb 20, 2020 2:33:06 PM org.eclipse.lsp4j.jsonrpc.services.GenericEndpoint notify
INFO: Unsupported notification method: $/setTraceNotification
Feb 20, 2020 2:33:06 PM org.eclipse.lsp4j.jsonrpc.services.GenericEndpoint notify
INFO: Unsupported notification method: $/setTraceNotification
Feb 20, 2020 2:33:07 PM org.eclipse.lsp4j.jsonrpc.services.GenericEndpoint notify
INFO: Unsupported notification method: $/setTraceNotification
Feb 20, 2020 2:33:08 PM org.eclipse.lsp4j.jsonrpc.services.GenericEndpoint notify
INFO: Unsupported notification method: $/setTraceNotification
Feb 20, 2020 2:33:08 PM org.eclipse.lsp4j.jsonrpc.services.GenericEndpoint notify
INFO: Unsupported notification method: $/setTraceNotification
Feb 20, 2020 2:33:09 PM org.eclipse.lsp4j.jsonrpc.services.GenericEndpoint notify
INFO: Unsupported notification method: $/setTraceNotification
Feb 20, 2020 2:33:09 PM org.eclipse.lsp4j.jsonrpc.services.GenericEndpoint notify
INFO: Unsupported notification method: $/setTraceNotification
Feb 20, 2020 2:33:09 PM org.eclipse.lsp4j.jsonrpc.services.GenericEndpoint notify
INFO: Unsupported notification method: $/setTraceNotification
Feb 20, 2020 2:33:09 PM org.eclipse.lsp4j.jsonrpc.services.GenericEndpoint notify
INFO: Unsupported notification method: $/setTraceNotification
Feb 20, 2020 2:33:11 PM org.eclipse.lsp4j.jsonrpc.services.GenericEndpoint notify
INFO: Unsupported notification method: $/setTraceNotification
Feb 20, 2020 2:33:12 PM org.eclipse.lsp4j.jsonrpc.services.GenericEndpoint notify
INFO: Unsupported notification method: $/setTraceNotification
Feb 20, 2020 2:33:13 PM org.eclipse.lsp4j.jsonrpc.services.GenericEndpoint notify
INFO: Unsupported notification method: $/setTraceNotification
INFO  shutting down Metals
INFO  started: Metals version 0.8.0 in workspace 'D:\GDrive\School\Aarhus_uni\2.Semester\Modeling and verification\TLA Worskpace\Assignment1'
INFO  time: initialize in 1.62s
WARN  no build tool detected in workspace 'D:\GDrive\School\Aarhus_uni\2.Semester\Modeling and verification\TLA Worskpace\Assignment1'. The most common cause for this problem is that the editor was opened in the wrong working directory, for example if you use sbt then the workspace directory should contain build.sbt. 
Feb 25, 2020 10:11:00 AM org.eclipse.lsp4j.jsonrpc.services.GenericEndpoint notify
INFO: Unsupported notification method: $/setTraceNotification
INFO  shutting down Metals
