@!@!@STARTMSG 2262:0 @!@!@
TLC2 Version 2.14 of 10 July 2019 (rev: 0cae24f)
@!@!@ENDMSG 2262 @!@!@
@!@!@STARTMSG 2187:0 @!@!@
Running breadth-first search Model-Checking with fp 40 and seed -7630485988880401594 with 1 worker on 12 cores with 3607MB heap and 64MB offheap memory (Windows 10 10.0 amd64, Oracle Corporation 1.8.0_241 x86_64, MSBDiskFPSet, DiskStateQueue).
@!@!@ENDMSG 2187 @!@!@
@!@!@STARTMSG 2220:0 @!@!@
Starting SANY...
@!@!@ENDMSG 2220 @!@!@
Parsing file D:\GDrive\School\Aarhus_uni\2.Semester\Modeling and verification\TLA Worskpace\Week6\Ex1.tla
Parsing file C:\Users\tomko\AppData\Local\Temp\Naturals.tla
Parsing file C:\Users\tomko\AppData\Local\Temp\Integers.tla
Parsing file C:\Users\tomko\AppData\Local\Temp\TLC.tla
Parsing file C:\Users\tomko\AppData\Local\Temp\Sequences.tla
Parsing file C:\Users\tomko\AppData\Local\Temp\FiniteSets.tla
Semantic processing of module Naturals
Semantic processing of module Integers
Semantic processing of module Sequences
Semantic processing of module FiniteSets
Semantic processing of module TLC
Semantic processing of module Ex1
@!@!@STARTMSG 2219:0 @!@!@
SANY finished.
@!@!@ENDMSG 2219 @!@!@
@!@!@STARTMSG 2185:0 @!@!@
Starting... (2020-03-03 08:34:49)
@!@!@ENDMSG 2185 @!@!@
@!@!@STARTMSG 2231:1 @!@!@
The configuration file did not specify the initial state predicate.
Can also be caused by trying to run TLC on a specification from
a module imported with a parameterized INSTANCE statement.
@!@!@ENDMSG 2231 @!@!@
@!@!@STARTMSG 2186:0 @!@!@
Finished in 387ms at (2020-03-03 08:34:50)
@!@!@ENDMSG 2186 @!@!@
