@!@!@STARTMSG 2262:0 @!@!@
TLC2 Version 2.14 of 10 July 2019 (rev: 0cae24f)
@!@!@ENDMSG 2262 @!@!@
@!@!@STARTMSG 2187:0 @!@!@
Running breadth-first search Model-Checking with fp 108 and seed 1626976694847388807 with 1 worker on 12 cores with 3607MB heap and 64MB offheap memory (Windows 10 10.0 amd64, Oracle Corporation 1.8.0_241 x86_64, MSBDiskFPSet, DiskStateQueue).
@!@!@ENDMSG 2187 @!@!@
@!@!@STARTMSG 2220:0 @!@!@
Starting SANY...
@!@!@ENDMSG 2220 @!@!@
Parsing file D:\GDrive\School\Aarhus_uni\2.Semester\Modeling and verification\TLA Worskpace\Week5\pluscal.tla
Parsing file C:\Users\tomko\AppData\Local\Temp\Naturals.tla
Parsing file C:\Users\tomko\AppData\Local\Temp\TLC.tla
Parsing file C:\Users\tomko\AppData\Local\Temp\Sequences.tla
Parsing file C:\Users\tomko\AppData\Local\Temp\FiniteSets.tla
Semantic processing of module Naturals
Semantic processing of module Sequences
Semantic processing of module FiniteSets
Semantic processing of module TLC
Semantic processing of module pluscal
@!@!@STARTMSG 2219:0 @!@!@
SANY finished.
@!@!@ENDMSG 2219 @!@!@
@!@!@STARTMSG 2185:0 @!@!@
Starting... (2020-02-25 10:03:00)
@!@!@ENDMSG 2185 @!@!@
@!@!@STARTMSG 2229:1 @!@!@
The initial predicate Init specified in the configuration file
is not defined in the specification.
@!@!@ENDMSG 2229 @!@!@
@!@!@STARTMSG 2186:0 @!@!@
Finished in 271ms at (2020-02-25 10:03:00)
@!@!@ENDMSG 2186 @!@!@
